<?xml version="1.0" encoding="UTF-8"?>
<testng-results skipped="0" failed="0" ignored="0" total="1" passed="1">
  <reporter-output>
  </reporter-output>
  <suite name="Default suite" duration-ms="10130" started-at="2018-08-12T17:33:00Z" finished-at="2018-08-12T17:33:10Z">
    <groups>
    </groups>
    <test name="Default test" duration-ms="10130" started-at="2018-08-12T17:33:00Z" finished-at="2018-08-12T17:33:10Z">
      <class name="org.informatorio.FirstTest">
        <test-method status="PASS" signature="firstTest()[pri:0, instance:org.informatorio.FirstTest@46d56d67]" name="firstTest" duration-ms="10109" started-at="2018-08-12T17:33:00Z" finished-at="2018-08-12T17:33:10Z">
          <reporter-output>
          </reporter-output>
        </test-method> <!-- firstTest -->
      </class> <!-- org.informatorio.FirstTest -->
    </test> <!-- Default test -->
  </suite> <!-- Default suite -->
</testng-results>
